<?xml version="1.0" encoding="utf-8"?>
<CoverageSession>
  <Summary numSequencePoints="59" visitedSequencePoints="59" numBranchPoints="14" visitedBranchPoints="14" sequenceCoverage="100" branchCoverage="100" maxCyclomaticComplexity="21" minCyclomaticComplexity="21" visitedClasses="1" numClasses="1" visitedMethods="10" numMethods="10" />
  <Modules>
    <Module hash="A2EB8659-9E11-4069-AF9B-2ABE2B3062C4">
      <ModulePath>AhorcadoGrupo4Codigo.dll</ModulePath>
      <ModuleTime>2021-06-18T07:10:16</ModuleTime>
      <ModuleName>AhorcadoGrupo4Codigo</ModuleName>
      <Files>
        <File uid="1" fullPath="C:\Users\paola.giorsetti\Desktop\agileFacu\AhorcadoGrupo4\AhorcadoGrupo4Codigo\Jugada.cs" />
      </Files>
      <Classes>
        <Class>
          <Summary numSequencePoints="59" visitedSequencePoints="59" numBranchPoints="14" visitedBranchPoints="14" sequenceCoverage="100" branchCoverage="100" maxCyclomaticComplexity="8" minCyclomaticComplexity="1" visitedClasses="1" numClasses="1" visitedMethods="10" numMethods="10" />
          <FullName>AhorcadoGrupo4Codigo.Jugada</FullName>
          <Methods>
            <Method cyclomaticComplexity="1" nPathComplexity="0" sequenceCoverage="100" branchCoverage="100" isConstructor="False" isGetter="False" isSetter="False" isStatic="True">
              <Summary numSequencePoints="3" visitedSequencePoints="3" numBranchPoints="0" visitedBranchPoints="0" sequenceCoverage="100" branchCoverage="100" maxCyclomaticComplexity="1" minCyclomaticComplexity="1" visitedClasses="0" numClasses="0" visitedMethods="1" numMethods="1" />
              <MetadataToken />
              <Name>System.String AhorcadoGrupo4Codigo.Jugada::GenerarPalabra()</Name>
              <FileRef uid="1" />
              <SequencePoints>
                <SequencePoint vc="1" uspid="17" ordinal="0" sl="17" sc="1" el="17" ec="2" bec="0" bev="0" fileid="1" />
                <SequencePoint vc="1" uspid="18" ordinal="1" sl="18" sc="1" el="18" ec="2" bec="0" bev="0" fileid="1" />
                <SequencePoint vc="1" uspid="19" ordinal="2" sl="19" sc="1" el="19" ec="2" bec="0" bev="0" fileid="1" />
              </SequencePoints>
              <BranchPoints />
              <MethodPoint vc="3" uspid="0" p8:type="SequencePoint" ordinal="0" offset="0" sc="0" sl="17" ec="1" el="19" bec="0" bev="0" fileid="1" xmlns:p8="xsi" />
            </Method>
            <Method cyclomaticComplexity="4" nPathComplexity="0" sequenceCoverage="100" branchCoverage="100" isConstructor="False" isGetter="False" isSetter="False" isStatic="True">
              <Summary numSequencePoints="9" visitedSequencePoints="9" numBranchPoints="4" visitedBranchPoints="4" sequenceCoverage="100" branchCoverage="100" maxCyclomaticComplexity="4" minCyclomaticComplexity="4" visitedClasses="0" numClasses="0" visitedMethods="1" numMethods="1" />
              <MetadataToken />
              <Name>System.Boolean AhorcadoGrupo4Codigo.Jugada::PerteneceLetraPalabra(System.String)</Name>
              <FileRef uid="1" />
              <SequencePoints>
                <SequencePoint vc="3" uspid="22" ordinal="0" sl="22" sc="1" el="22" ec="2" bec="0" bev="0" fileid="1" />
                <SequencePoint vc="3" uspid="23" ordinal="1" sl="23" sc="1" el="23" ec="2" bec="2" bev="2" fileid="1" />
                <SequencePoint vc="1" uspid="24" ordinal="2" sl="24" sc="1" el="24" ec="2" bec="0" bev="0" fileid="1" />
                <SequencePoint vc="1" uspid="25" ordinal="3" sl="25" sc="1" el="25" ec="2" bec="0" bev="0" fileid="1" />
                <SequencePoint vc="2" uspid="27" ordinal="4" sl="27" sc="1" el="27" ec="2" bec="2" bev="2" fileid="1" />
                <SequencePoint vc="1" uspid="28" ordinal="5" sl="28" sc="1" el="28" ec="2" bec="0" bev="0" fileid="1" />
                <SequencePoint vc="1" uspid="29" ordinal="6" sl="29" sc="1" el="29" ec="2" bec="0" bev="0" fileid="1" />
                <SequencePoint vc="1" uspid="31" ordinal="7" sl="31" sc="1" el="31" ec="2" bec="0" bev="0" fileid="1" />
                <SequencePoint vc="3" uspid="32" ordinal="8" sl="32" sc="1" el="32" ec="2" bec="0" bev="0" fileid="1" />
              </SequencePoints>
              <BranchPoints>
                <BranchPoint vc="1" uspid="23" ordinal="0" path="0" offset="9" offsetend="11" sl="23" fileid="1" />
                <BranchPoint vc="2" uspid="23" ordinal="1" path="1" offset="9" offsetend="16" sl="23" fileid="1" />
                <BranchPoint vc="1" uspid="27" ordinal="2" path="0" offset="30" offsetend="32" sl="27" fileid="1" />
                <BranchPoint vc="1" uspid="27" ordinal="3" path="1" offset="30" offsetend="37" sl="27" fileid="1" />
              </BranchPoints>
              <MethodPoint vc="9" uspid="0" p8:type="SequencePoint" ordinal="1" offset="1" sc="0" sl="22" ec="1" el="32" bec="0" bev="0" fileid="1" xmlns:p8="xsi" />
            </Method>
            <Method cyclomaticComplexity="8" nPathComplexity="0" sequenceCoverage="100" branchCoverage="100" isConstructor="False" isGetter="False" isSetter="False" isStatic="True">
              <Summary numSequencePoints="22" visitedSequencePoints="22" numBranchPoints="8" visitedBranchPoints="8" sequenceCoverage="100" branchCoverage="100" maxCyclomaticComplexity="8" minCyclomaticComplexity="8" visitedClasses="0" numClasses="0" visitedMethods="1" numMethods="1" />
              <MetadataToken />
              <Name>System.Char[] AhorcadoGrupo4Codigo.Jugada::MostrarPalabra(System.String,System.Collections.Generic.List`1&lt;System.Char&gt;)</Name>
              <FileRef uid="1" />
              <SequencePoints>
                <SequencePoint vc="2" uspid="35" ordinal="0" sl="35" sc="1" el="35" ec="2" bec="0" bev="0" fileid="1" />
                <SequencePoint vc="2" uspid="36" ordinal="1" sl="36" sc="1" el="36" ec="2" bec="0" bev="0" fileid="1" />
                <SequencePoint vc="28" uspid="37" ordinal="2" sl="37" sc="1" el="37" ec="2" bec="2" bev="2" fileid="1" />
                <SequencePoint vc="11" uspid="38" ordinal="3" sl="38" sc="1" el="38" ec="2" bec="0" bev="0" fileid="1" />
                <SequencePoint vc="11" uspid="39" ordinal="4" sl="39" sc="1" el="39" ec="2" bec="0" bev="0" fileid="1" />
                <SequencePoint vc="11" uspid="40" ordinal="5" sl="40" sc="1" el="40" ec="2" bec="2" bev="2" fileid="1" />
                <SequencePoint vc="2" uspid="41" ordinal="6" sl="41" sc="1" el="41" ec="2" bec="0" bev="0" fileid="1" />
                <SequencePoint vc="6" uspid="43" ordinal="7" sl="43" sc="1" el="43" ec="2" bec="0" bev="0" fileid="1" />
                <SequencePoint vc="6" uspid="44" ordinal="8" sl="44" sc="1" el="44" ec="2" bec="0" bev="0" fileid="1" />
                <SequencePoint vc="6" uspid="45" ordinal="9" sl="45" sc="1" el="45" ec="2" bec="2" bev="2" fileid="1" />
                <SequencePoint vc="4" uspid="46" ordinal="10" sl="46" sc="1" el="46" ec="2" bec="0" bev="0" fileid="1" />
                <SequencePoint vc="4" uspid="47" ordinal="11" sl="47" sc="1" el="47" ec="2" bec="0" bev="0" fileid="1" />
                <SequencePoint vc="4" uspid="48" ordinal="12" sl="48" sc="1" el="48" ec="2" bec="0" bev="0" fileid="1" />
                <SequencePoint vc="4" uspid="49" ordinal="13" sl="49" sc="1" el="49" ec="2" bec="0" bev="0" fileid="1" />
                <SequencePoint vc="12" uspid="50" ordinal="14" sl="50" sc="1" el="50" ec="2" bec="2" bev="2" fileid="1" />
                <SequencePoint vc="2" uspid="51" ordinal="15" sl="51" sc="1" el="51" ec="2" bec="0" bev="0" fileid="1" />
                <SequencePoint vc="9" uspid="53" ordinal="16" sl="53" sc="1" el="53" ec="2" bec="0" bev="0" fileid="1" />
                <SequencePoint vc="9" uspid="54" ordinal="17" sl="54" sc="1" el="54" ec="2" bec="0" bev="0" fileid="1" />
                <SequencePoint vc="9" uspid="55" ordinal="18" sl="55" sc="1" el="55" ec="2" bec="0" bev="0" fileid="1" />
                <SequencePoint vc="11" uspid="56" ordinal="19" sl="56" sc="1" el="56" ec="2" bec="0" bev="0" fileid="1" />
                <SequencePoint vc="2" uspid="57" ordinal="20" sl="57" sc="1" el="57" ec="2" bec="0" bev="0" fileid="1" />
                <SequencePoint vc="2" uspid="58" ordinal="21" sl="58" sc="1" el="58" ec="2" bec="0" bev="0" fileid="1" />
              </SequencePoints>
              <BranchPoints>
                <BranchPoint vc="11" uspid="37" ordinal="7" path="1" offset="122" offsetend="23" sl="37" fileid="1" />
                <BranchPoint vc="2" uspid="40" ordinal="0" path="0" offset="45" offsetend="47" sl="40" fileid="1" />
                <BranchPoint vc="6" uspid="50" ordinal="5" path="1" offset="93" offsetend="48" sl="50" fileid="1" />
                <BranchPoint vc="4" uspid="45" ordinal="2" path="0" offset="69" offsetend="71" sl="45" fileid="1" />
                <BranchPoint vc="6" uspid="45" ordinal="3" path="1" offset="69" offsetend="81" sl="45" fileid="1" />
                <BranchPoint vc="2" uspid="50" ordinal="4" path="0" offset="93" offsetend="95" sl="50" fileid="1" />
                <BranchPoint vc="9" uspid="40" ordinal="1" path="1" offset="45" offsetend="98" sl="40" fileid="1" />
                <BranchPoint vc="2" uspid="37" ordinal="6" path="0" offset="122" offsetend="124" sl="37" fileid="1" />
              </BranchPoints>
              <MethodPoint vc="22" uspid="0" p8:type="SequencePoint" ordinal="2" offset="2" sc="0" sl="35" ec="1" el="58" bec="0" bev="0" fileid="1" xmlns:p8="xsi" />
            </Method>
            <Method cyclomaticComplexity="2" nPathComplexity="0" sequenceCoverage="100" branchCoverage="100" isConstructor="False" isGetter="False" isSetter="False" isStatic="True">
              <Summary numSequencePoints="5" visitedSequencePoints="5" numBranchPoints="2" visitedBranchPoints="2" sequenceCoverage="100" branchCoverage="100" maxCyclomaticComplexity="2" minCyclomaticComplexity="2" visitedClasses="0" numClasses="0" visitedMethods="1" numMethods="1" />
              <MetadataToken />
              <Name>System.String AhorcadoGrupo4Codigo.Jugada::TerminarPartida(System.Char[],System.String)</Name>
              <FileRef uid="1" />
              <SequencePoints>
                <SequencePoint vc="2" uspid="61" ordinal="0" sl="61" sc="1" el="61" ec="2" bec="0" bev="0" fileid="1" />
                <SequencePoint vc="2" uspid="62" ordinal="1" sl="62" sc="1" el="62" ec="2" bec="2" bev="2" fileid="1" />
                <SequencePoint vc="1" uspid="63" ordinal="2" sl="63" sc="1" el="63" ec="2" bec="0" bev="0" fileid="1" />
                <SequencePoint vc="2" uspid="64" ordinal="3" sl="64" sc="1" el="64" ec="2" bec="0" bev="0" fileid="1" />
                <SequencePoint vc="2" uspid="65" ordinal="4" sl="65" sc="1" el="65" ec="2" bec="0" bev="0" fileid="1" />
              </SequencePoints>
              <BranchPoints>
                <BranchPoint vc="1" uspid="62" ordinal="0" path="0" offset="15" offsetend="17" sl="62" fileid="1" />
                <BranchPoint vc="2" uspid="62" ordinal="1" path="1" offset="15" offsetend="28" sl="62" fileid="1" />
              </BranchPoints>
              <MethodPoint vc="5" uspid="0" p8:type="SequencePoint" ordinal="3" offset="3" sc="0" sl="61" ec="1" el="65" bec="0" bev="0" fileid="1" xmlns:p8="xsi" />
            </Method>
            <Method cyclomaticComplexity="1" nPathComplexity="0" sequenceCoverage="100" branchCoverage="100" isConstructor="False" isGetter="False" isSetter="False" isStatic="True">
              <Summary numSequencePoints="3" visitedSequencePoints="3" numBranchPoints="0" visitedBranchPoints="0" sequenceCoverage="100" branchCoverage="100" maxCyclomaticComplexity="1" minCyclomaticComplexity="1" visitedClasses="0" numClasses="0" visitedMethods="1" numMethods="1" />
              <MetadataToken />
              <Name>System.String AhorcadoGrupo4Codigo.Jugada::IngresoJugador()</Name>
              <FileRef uid="1" />
              <SequencePoints>
                <SequencePoint vc="1" uspid="68" ordinal="0" sl="68" sc="1" el="68" ec="2" bec="0" bev="0" fileid="1" />
                <SequencePoint vc="1" uspid="69" ordinal="1" sl="69" sc="1" el="69" ec="2" bec="0" bev="0" fileid="1" />
                <SequencePoint vc="1" uspid="70" ordinal="2" sl="70" sc="1" el="70" ec="2" bec="0" bev="0" fileid="1" />
              </SequencePoints>
              <BranchPoints />
              <MethodPoint vc="3" uspid="0" p8:type="SequencePoint" ordinal="4" offset="4" sc="0" sl="68" ec="1" el="70" bec="0" bev="0" fileid="1" xmlns:p8="xsi" />
            </Method>
            <Method cyclomaticComplexity="1" nPathComplexity="0" sequenceCoverage="100" branchCoverage="100" isConstructor="False" isGetter="False" isSetter="False" isStatic="True">
              <Summary numSequencePoints="3" visitedSequencePoints="3" numBranchPoints="0" visitedBranchPoints="0" sequenceCoverage="100" branchCoverage="100" maxCyclomaticComplexity="1" minCyclomaticComplexity="1" visitedClasses="0" numClasses="0" visitedMethods="1" numMethods="1" />
              <MetadataToken />
              <Name>System.String AhorcadoGrupo4Codigo.Jugada::SeleccionarDificultad()</Name>
              <FileRef uid="1" />
              <SequencePoints>
                <SequencePoint vc="1" uspid="73" ordinal="0" sl="73" sc="1" el="73" ec="2" bec="0" bev="0" fileid="1" />
                <SequencePoint vc="1" uspid="74" ordinal="1" sl="74" sc="1" el="74" ec="2" bec="0" bev="0" fileid="1" />
                <SequencePoint vc="1" uspid="75" ordinal="2" sl="75" sc="1" el="75" ec="2" bec="0" bev="0" fileid="1" />
              </SequencePoints>
              <BranchPoints />
              <MethodPoint vc="3" uspid="0" p8:type="SequencePoint" ordinal="5" offset="5" sc="0" sl="73" ec="1" el="75" bec="0" bev="0" fileid="1" xmlns:p8="xsi" />
            </Method>
            <Method cyclomaticComplexity="1" nPathComplexity="0" sequenceCoverage="100" branchCoverage="100" isConstructor="False" isGetter="False" isSetter="False" isStatic="True">
              <Summary numSequencePoints="5" visitedSequencePoints="5" numBranchPoints="0" visitedBranchPoints="0" sequenceCoverage="100" branchCoverage="100" maxCyclomaticComplexity="1" minCyclomaticComplexity="1" visitedClasses="0" numClasses="0" visitedMethods="1" numMethods="1" />
              <MetadataToken />
              <Name>System.String AhorcadoGrupo4Codigo.Jugada::GenerarPalabraRandom()</Name>
              <FileRef uid="1" />
              <SequencePoints>
                <SequencePoint vc="1" uspid="78" ordinal="0" sl="78" sc="1" el="78" ec="2" bec="0" bev="0" fileid="1" />
                <SequencePoint vc="1" uspid="79" ordinal="1" sl="79" sc="1" el="79" ec="2" bec="0" bev="0" fileid="1" />
                <SequencePoint vc="1" uspid="80" ordinal="2" sl="80" sc="1" el="80" ec="2" bec="0" bev="0" fileid="1" />
                <SequencePoint vc="1" uspid="81" ordinal="3" sl="81" sc="1" el="81" ec="2" bec="0" bev="0" fileid="1" />
                <SequencePoint vc="1" uspid="82" ordinal="4" sl="82" sc="1" el="82" ec="2" bec="0" bev="0" fileid="1" />
              </SequencePoints>
              <BranchPoints />
              <MethodPoint vc="5" uspid="0" p8:type="SequencePoint" ordinal="6" offset="6" sc="0" sl="78" ec="1" el="82" bec="0" bev="0" fileid="1" xmlns:p8="xsi" />
            </Method>
            <Method cyclomaticComplexity="1" nPathComplexity="0" sequenceCoverage="100" branchCoverage="100" isConstructor="False" isGetter="False" isSetter="False" isStatic="True">
              <Summary numSequencePoints="3" visitedSequencePoints="3" numBranchPoints="0" visitedBranchPoints="0" sequenceCoverage="100" branchCoverage="100" maxCyclomaticComplexity="1" minCyclomaticComplexity="1" visitedClasses="0" numClasses="0" visitedMethods="1" numMethods="1" />
              <MetadataToken />
              <Name>System.Collections.Generic.List`1&lt;System.Char&gt; AhorcadoGrupo4Codigo.Jugada::ListaLetrasIngresadas()</Name>
              <FileRef uid="1" />
              <SequencePoints>
                <SequencePoint vc="2" uspid="85" ordinal="0" sl="85" sc="1" el="85" ec="2" bec="0" bev="0" fileid="1" />
                <SequencePoint vc="2" uspid="86" ordinal="1" sl="86" sc="1" el="86" ec="2" bec="0" bev="0" fileid="1" />
                <SequencePoint vc="2" uspid="87" ordinal="2" sl="87" sc="1" el="87" ec="2" bec="0" bev="0" fileid="1" />
              </SequencePoints>
              <BranchPoints />
              <MethodPoint vc="3" uspid="0" p8:type="SequencePoint" ordinal="7" offset="7" sc="0" sl="85" ec="1" el="87" bec="0" bev="0" fileid="1" xmlns:p8="xsi" />
            </Method>
            <Method cyclomaticComplexity="1" nPathComplexity="0" sequenceCoverage="100" branchCoverage="100" isConstructor="False" isGetter="False" isSetter="False" isStatic="True">
              <Summary numSequencePoints="3" visitedSequencePoints="3" numBranchPoints="0" visitedBranchPoints="0" sequenceCoverage="100" branchCoverage="100" maxCyclomaticComplexity="1" minCyclomaticComplexity="1" visitedClasses="0" numClasses="0" visitedMethods="1" numMethods="1" />
              <MetadataToken />
              <Name>System.Int32 AhorcadoGrupo4Codigo.Jugada::CantidadFallos()</Name>
              <FileRef uid="1" />
              <SequencePoints>
                <SequencePoint vc="2" uspid="90" ordinal="0" sl="90" sc="1" el="90" ec="2" bec="0" bev="0" fileid="1" />
                <SequencePoint vc="2" uspid="91" ordinal="1" sl="91" sc="1" el="91" ec="2" bec="0" bev="0" fileid="1" />
                <SequencePoint vc="2" uspid="92" ordinal="2" sl="92" sc="1" el="92" ec="2" bec="0" bev="0" fileid="1" />
              </SequencePoints>
              <BranchPoints />
              <MethodPoint vc="3" uspid="0" p8:type="SequencePoint" ordinal="8" offset="8" sc="0" sl="90" ec="1" el="92" bec="0" bev="0" fileid="1" xmlns:p8="xsi" />
            </Method>
            <Method cyclomaticComplexity="1" nPathComplexity="0" sequenceCoverage="100" branchCoverage="100" isConstructor="True" isGetter="False" isSetter="False" isStatic="True">
              <Summary numSequencePoints="3" visitedSequencePoints="3" numBranchPoints="0" visitedBranchPoints="0" sequenceCoverage="100" branchCoverage="100" maxCyclomaticComplexity="1" minCyclomaticComplexity="1" visitedClasses="0" numClasses="0" visitedMethods="1" numMethods="1" />
              <MetadataToken />
              <Name>System.Void AhorcadoGrupo4Codigo.Jugada::.ctor()</Name>
              <FileRef uid="1" />
              <SequencePoints>
                <SequencePoint vc="14" uspid="13" ordinal="0" sl="13" sc="1" el="13" ec="2" bec="0" bev="0" fileid="1" />
                <SequencePoint vc="14" uspid="14" ordinal="1" sl="14" sc="1" el="14" ec="2" bec="0" bev="0" fileid="1" />
                <SequencePoint vc="14" uspid="15" ordinal="2" sl="15" sc="1" el="15" ec="2" bec="0" bev="0" fileid="1" />
              </SequencePoints>
              <BranchPoints />
              <MethodPoint vc="3" uspid="0" p8:type="SequencePoint" ordinal="9" offset="9" sc="0" sl="13" ec="1" el="15" bec="0" bev="0" fileid="1" xmlns:p8="xsi" />
            </Method>
          </Methods>
        </Class>
      </Classes>
    </Module>
  </Modules>
</CoverageSession>